Arguments: 
  /home/joaocyrino/.nvm/versions/node/v16.14.2/bin/node /home/joaocyrino/.nvm/versions/node/v16.14.2/bin/yarn

PATH: 
  /home/joaocyrino/.nvm/versions/node/v16.14.2/bin:/home/joaocyrino/.cargo/bin:/home/joaocyrino/.cargo/bin:/usr/local/sbin:/usr/local/bin:/usr/sbin:/usr/bin:/sbin:/bin:/usr/games:/usr/local/games:/snap/bin

Yarn version: 
  1.22.18

Node version: 
  16.14.2

Platform: 
  linux x64

Trace: 
  Error: https://registry.yarnpkg.com/@zk-kit: Request "https://registry.yarnpkg.com/@zk-kit" returned a 405
      at Request.params.callback [as _callback] (/home/joaocyrino/.nvm/versions/node/v16.14.2/lib/node_modules/yarn/lib/cli.js:66147:18)
      at Request.self.callback (/home/joaocyrino/.nvm/versions/node/v16.14.2/lib/node_modules/yarn/lib/cli.js:140883:22)
      at Request.emit (node:events:526:28)
      at Request.<anonymous> (/home/joaocyrino/.nvm/versions/node/v16.14.2/lib/node_modules/yarn/lib/cli.js:141855:10)
      at Request.emit (node:events:526:28)
      at IncomingMessage.<anonymous> (/home/joaocyrino/.nvm/versions/node/v16.14.2/lib/node_modules/yarn/lib/cli.js:141777:12)
      at Object.onceWrapper (node:events:645:28)
      at IncomingMessage.emit (node:events:538:35)
      at endReadableNT (node:internal/streams/readable:1345:12)
      at processTicksAndRejections (node:internal/process/task_queues:83:21)

npm manifest: 
  {
    "name": "hardhat-project",
    "dependencies": {
      "@zk-kit": "^0.3.1"
    }
  }

yarn manifest: 
  No manifest

Lockfile: 
  # THIS IS AN AUTOGENERATED FILE. DO NOT EDIT THIS FILE DIRECTLY.
  # yarn lockfile v1
  
  
  "@zk-kit/incremental-merkle-tree@^0.3.1":
    version "0.3.1"
    resolved "https://registry.yarnpkg.com/@zk-kit/incremental-merkle-tree/-/incremental-merkle-tree-0.3.1.tgz#acebd91ad5df5891c2e987fd23c2395ee0bf27e5"
    integrity sha512-YA/RMfxrOY28x7BStYA8jDa567a3G/N3i6zkTAARcUFh8d7clI5SYJOHJvkJK4cKBqHgCDFFNrOnlp9prUAE0g==
